Arguments: 
  C:\Program Files\nodejs\node.exe C:\Users\thuonh\AppData\Roaming\npm\node_modules\yarn\bin\yarn.js add nodemon

PATH: 
  C:\Program Files (x86)\VMware\VMware Player\bin\;C:\Program Files\Common Files\Oracle\Java\javapath;C:\WINDOWS\system32;C:\WINDOWS;C:\WINDOWS\System32\Wbem;C:\WINDOWS\System32\WindowsPowerShell\v1.0\;C:\WINDOWS\System32\OpenSSH\;C:\Program Files\dotnet\;C:\Program Files\nodejs\;C:\Program Files\Git\cmd;C:\Program Files\Microsoft SQL Server\Client SDK\ODBC\170\Tools\Binn\;C:\Program Files (x86)\Microsoft SQL Server\150\Tools\Binn\;C:\Program Files\Microsoft SQL Server\150\Tools\Binn\;C:\Program Files\Microsoft SQL Server\150\DTS\Binn\;C:\Program Files (x86)\Microsoft SQL Server\150\DTS\Binn\;C:\Program Files\Microsoft SQL Server\130\Tools\Binn\;C:\Program Files (x86)\dotnet\;C:\Program Files\MySQL\MySQL Shell 8.0\bin\;C:\Users\thuonh\AppData\Local\Programs\Python\Python37\Scripts\;C:\Users\thuonh\AppData\Local\Programs\Python\Python37\;C:\Users\thuonh\AppData\Local\Programs\Python\Python39\Scripts\;C:\Users\thuonh\AppData\Local\Programs\Python\Python39\;C:\Users\thuonh\AppData\Local\Microsoft\WindowsApps;;C:\Users\thuonh\AppData\Local\Programs\Microsoft VS Code\bin;C:\Users\thuonh\.dotnet\tools;C:\Users\thuonh\AppData\Roaming\npm;C:\Program Files\heroku\bin;C:\Program Files\Azure Data Studio\bin;C:\Program Files\JetBrains\IntelliJ IDEA 2021.3.1\bin;

Yarn version: 
  1.22.15

Node version: 
  14.18.0

Platform: 
  win32 x64

Trace: 
  SyntaxError: D:\shop\api\package.json: Unexpected string in JSON at position 162
      at JSON.parse (<anonymous>)
      at C:\Users\thuonh\AppData\Roaming\npm\node_modules\yarn\lib\cli.js:1625:59
      at Generator.next (<anonymous>)
      at step (C:\Users\thuonh\AppData\Roaming\npm\node_modules\yarn\lib\cli.js:310:30)
      at C:\Users\thuonh\AppData\Roaming\npm\node_modules\yarn\lib\cli.js:321:13

npm manifest: 
  {
    "name": "shop",
    "version": "1.0.0",
    "description": "",
    "main": "index.js",
    "scripts": {
      "test": "echo \"Error: no test specified\" && exit 1"
      ""
    },
    "author": "",
    "license": "ISC",
    "dependencies": {
      "express": "^4.18.1"
    }
  }

yarn manifest: 
  No manifest

Lockfile: 
  No lockfile
